<?xml version="1.0" encoding="UTF-8"?>
<!-- Generated by org.testng.reporters.JUnitReportReporter -->
<testsuite hostname="Anush" failures="0" tests="3" name="com.shopclues.testcases.ShopCluesFunctionalTestCases" time="89.720" errors="0" timestamp="2023-09-01T15:56:55 IST" skipped="0">
  <testcase classname="com.shopclues.testcases.ShopCluesFunctionalTestCases" name="verifyProductSearchResultCount" time="20.443"/>
  <testcase classname="com.shopclues.testcases.ShopCluesFunctionalTestCases" name="verifyInvalidLoginErrors" time="18.588"/>
  <testcase classname="com.shopclues.testcases.ShopCluesFunctionalTestCases" name="verifyProductSearchFunctionality" time="50.689"/>
</testsuite> <!-- com.shopclues.testcases.ShopCluesFunctionalTestCases -->
