<?xml version="1.0" encoding="UTF-8"?>
<!-- Generated by org.testng.reporters.JUnitReportReporter -->
<testsuite hostname="Anush" failures="0" tests="1" name="com.shopclues.testcases.LoginFunctionality" time="12.088" errors="0" timestamp="2023-08-31T16:08:56 IST" skipped="0">
  <testcase classname="com.shopclues.testcases.LoginFunctionality" name="verifyInvalidLoginErrors" time="12.088"/>
</testsuite> <!-- com.shopclues.testcases.LoginFunctionality -->
