<?xml version="1.0" encoding="UTF-8"?>
<!-- Generated by org.testng.reporters.JUnitReportReporter -->
<testsuite hostname="Anush" failures="0" tests="1" name="com.shopclues.testcases.ProductSearchResultCount" time="21.497" errors="0" timestamp="2023-09-01T14:55:09 IST" skipped="0">
  <testcase classname="com.shopclues.testcases.ProductSearchResultCount" name="verifyProductSearchResultCount" time="21.497"/>
</testsuite> <!-- com.shopclues.testcases.ProductSearchResultCount -->
