<?xml version="1.0" encoding="UTF-8"?>
<!-- Generated by org.testng.reporters.JUnitReportReporter -->
<testsuite hostname="Anush" failures="0" tests="1" name="com.shopclues.testcases.ProductSearchFunctionality" time="36.608" errors="0" timestamp="2023-09-01T14:52:29 IST" skipped="0">
  <testcase classname="com.shopclues.testcases.ProductSearchFunctionality" name="verifyProductSearchFunctionality" time="36.608"/>
</testsuite> <!-- com.shopclues.testcases.ProductSearchFunctionality -->
